2023-10-10T18:18:36+00:00 CRITICAL Uncaught Error: Call to undefined method Automattic\Jetpack\Sync\Settings::is_custom_queue_table_enabled() in C:\xampp\htdocs\wordpress\wp-content\plugins\jetpack\jetpack_vendor\automattic\jetpack-sync\src\class-queue.php:64
Stack trace:
#0 C:\xampp\htdocs\wordpress\wp-content\plugins\jetpack\jetpack_vendor\automattic\jetpack-sync\src\class-sender.php(951): Automattic\Jetpack\Sync\Queue->__construct('sync')
#1 C:\xampp\htdocs\wordpress\wp-content\plugins\jetpack\jetpack_vendor\automattic\jetpack-sync\src\class-sender.php(178): Automattic\Jetpack\Sync\Sender->set_defaults()
#2 C:\xampp\htdocs\wordpress\wp-content\plugins\jetpack\jetpack_vendor\automattic\jetpack-sync\src\class-sender.php(164): Automattic\Jetpack\Sync\Sender->__construct()
#3 C:\xampp\htdocs\wordpress\wp-content\plugins\jetpack\uninstall.php(46): Automattic\Jetpack\Sync\Sender::get_instance()
#4 C:\xampp\htdocs\wordpress\wp-content\plugins\jetpack\uninstall.php(52): jetpack_uninstall()
#5 C:\xampp\htdocs\wordpress\wp-admin\includes\plugin.php(1245): include_once('C:\\xampp\\htdocs...')
#6 C:\xampp\htdocs\wordpress\wp-admin\includes\plugin.php(960): uninstall_plugin('jetpack/jetpack...')
#7 C:\xampp\htdocs\wordpress\wp-admin\includes\ajax-actions.php(4732): delete_plugins(Array)
#8 C:\xampp\htdocs\wordpress\wp-includes\class-wp-hook.php(310): wp_ajax_delete_plugin('')
#9 C:\xampp\htdocs\wordpress\wp-includes\class-wp-hook.php(334): WP_Hook->apply_filters('', Array)
#10 C:\xampp\htdocs\wordpress\wp-includes\plugin.php(517): WP_Hook->do_action(Array)
#11 C:\xampp\htdocs\wordpress\wp-admin\admin-ajax.php(188): do_action('wp_ajax_delete-...')
#12 {main}
  thrown in C:\xampp\htdocs\wordpress\wp-content\plugins\jetpack\jetpack_vendor\automattic\jetpack-sync\src\class-queue.php on line 64

2023-10-10T18:19:33+00:00 CRITICAL Uncaught Error: Call to undefined method Automattic\Jetpack\Sync\Settings::is_custom_queue_table_enabled() in C:\xampp\htdocs\wordpress\wp-content\plugins\jetpack\jetpack_vendor\automattic\jetpack-sync\src\class-queue.php:64
Stack trace:
#0 C:\xampp\htdocs\wordpress\wp-content\plugins\jetpack\jetpack_vendor\automattic\jetpack-sync\src\class-sender.php(951): Automattic\Jetpack\Sync\Queue->__construct('sync')
#1 C:\xampp\htdocs\wordpress\wp-content\plugins\jetpack\jetpack_vendor\automattic\jetpack-sync\src\class-sender.php(178): Automattic\Jetpack\Sync\Sender->set_defaults()
#2 C:\xampp\htdocs\wordpress\wp-content\plugins\jetpack\jetpack_vendor\automattic\jetpack-sync\src\class-sender.php(164): Automattic\Jetpack\Sync\Sender->__construct()
#3 C:\xampp\htdocs\wordpress\wp-content\plugins\jetpack\uninstall.php(46): Automattic\Jetpack\Sync\Sender::get_instance()
#4 C:\xampp\htdocs\wordpress\wp-content\plugins\jetpack\uninstall.php(52): jetpack_uninstall()
#5 C:\xampp\htdocs\wordpress\wp-admin\includes\plugin.php(1245): include_once('C:\\xampp\\htdocs...')
#6 C:\xampp\htdocs\wordpress\wp-admin\includes\plugin.php(960): uninstall_plugin('jetpack/jetpack...')
#7 C:\xampp\htdocs\wordpress\wp-admin\includes\ajax-actions.php(4732): delete_plugins(Array)
#8 C:\xampp\htdocs\wordpress\wp-includes\class-wp-hook.php(310): wp_ajax_delete_plugin('')
#9 C:\xampp\htdocs\wordpress\wp-includes\class-wp-hook.php(334): WP_Hook->apply_filters('', Array)
#10 C:\xampp\htdocs\wordpress\wp-includes\plugin.php(517): WP_Hook->do_action(Array)
#11 C:\xampp\htdocs\wordpress\wp-admin\admin-ajax.php(188): do_action('wp_ajax_delete-...')
#12 {main}
  thrown in C:\xampp\htdocs\wordpress\wp-content\plugins\jetpack\jetpack_vendor\automattic\jetpack-sync\src\class-queue.php on line 64

2023-10-10T18:19:52+00:00 CRITICAL Uncaught Error: Call to undefined method Automattic\Jetpack\Sync\Settings::is_custom_queue_table_enabled() in C:\xampp\htdocs\wordpress\wp-content\plugins\jetpack\jetpack_vendor\automattic\jetpack-sync\src\class-queue.php:64
Stack trace:
#0 C:\xampp\htdocs\wordpress\wp-content\plugins\jetpack\jetpack_vendor\automattic\jetpack-sync\src\class-sender.php(951): Automattic\Jetpack\Sync\Queue->__construct('sync')
#1 C:\xampp\htdocs\wordpress\wp-content\plugins\jetpack\jetpack_vendor\automattic\jetpack-sync\src\class-sender.php(178): Automattic\Jetpack\Sync\Sender->set_defaults()
#2 C:\xampp\htdocs\wordpress\wp-content\plugins\jetpack\jetpack_vendor\automattic\jetpack-sync\src\class-sender.php(164): Automattic\Jetpack\Sync\Sender->__construct()
#3 C:\xampp\htdocs\wordpress\wp-content\plugins\jetpack\uninstall.php(46): Automattic\Jetpack\Sync\Sender::get_instance()
#4 C:\xampp\htdocs\wordpress\wp-content\plugins\jetpack\uninstall.php(52): jetpack_uninstall()
#5 C:\xampp\htdocs\wordpress\wp-admin\includes\plugin.php(1245): include_once('C:\\xampp\\htdocs...')
#6 C:\xampp\htdocs\wordpress\wp-admin\includes\plugin.php(960): uninstall_plugin('jetpack/jetpack...')
#7 C:\xampp\htdocs\wordpress\wp-admin\includes\ajax-actions.php(4732): delete_plugins(Array)
#8 C:\xampp\htdocs\wordpress\wp-includes\class-wp-hook.php(310): wp_ajax_delete_plugin('')
#9 C:\xampp\htdocs\wordpress\wp-includes\class-wp-hook.php(334): WP_Hook->apply_filters('', Array)
#10 C:\xampp\htdocs\wordpress\wp-includes\plugin.php(517): WP_Hook->do_action(Array)
#11 C:\xampp\htdocs\wordpress\wp-admin\admin-ajax.php(188): do_action('wp_ajax_delete-...')
#12 {main}
  thrown in C:\xampp\htdocs\wordpress\wp-content\plugins\jetpack\jetpack_vendor\automattic\jetpack-sync\src\class-queue.php on line 64

2023-10-10T19:29:34+00:00 CRITICAL Uncaught TypeError: abs(): Argument #1 ($num) must be of type int|float, string given in C:\xampp\htdocs\wordpress\wp-content\themes\woostify\inc\woostify-functions.php:918
Stack trace:
#0 C:\xampp\htdocs\wordpress\wp-content\themes\woostify\inc\woostify-functions.php(918): abs('')
#1 C:\xampp\htdocs\wordpress\wp-includes\class-wp-hook.php(310): woostify_sanitize_abs_number('', Object(WP_Customize_Setting))
#2 C:\xampp\htdocs\wordpress\wp-includes\plugin.php(205): WP_Hook->apply_filters('', Array)
#3 C:\xampp\htdocs\wordpress\wp-includes\class-wp-customize-setting.php(576): apply_filters('customize_sanit...', '', Object(WP_Customize_Setting))
#4 C:\xampp\htdocs\wordpress\wp-includes\class-wp-customize-manager.php(1840): WP_Customize_Setting->sanitize('')
#5 C:\xampp\htdocs\wordpress\wp-includes\class-wp-customize-setting.php(555): WP_Customize_Manager->post_value(Object(WP_Customize_Setting), Object(stdClass))
#6 C:\xampp\htdocs\wordpress\wp-includes\class-wp-customize-setting.php(340): WP_Customize_Setting->post_value(Object(stdClass))
#7 C:\xampp\htdocs\wordpress\wp-includes\class-wp-customize-manager.php(944): WP_Customize_Setting->preview()
#8 C:\xampp\htdocs\wordpress\wp-includes\class-wp-hook.php(310): WP_Customize_Manager->wp_loaded('')
#9 C:\xampp\htdocs\wordpress\wp-includes\class-wp-hook.php(334): WP_Hook->apply_filters(NULL, Array)
#10 C:\xampp\htdocs\wordpress\wp-includes\plugin.php(517): WP_Hook->do_action(Array)
#11 C:\xampp\htdocs\wordpress\wp-settings.php(654): do_action('wp_loaded')
#12 C:\xampp\htdocs\wordpress\wp-config.php(96): require_once('C:\\xampp\\htdocs...')
#13 C:\xampp\htdocs\wordpress\wp-load.php(50): require_once('C:\\xampp\\htdocs...')
#14 C:\xampp\htdocs\wordpress\wp-blog-header.php(13): require_once('C:\\xampp\\htdocs...')
#15 C:\xampp\htdocs\wordpress\index.php(17): require('C:\\xampp\\htdocs...')
#16 {main}
  thrown in C:\xampp\htdocs\wordpress\wp-content\themes\woostify\inc\woostify-functions.php on line 918

2023-10-10T19:58:37+00:00 CRITICAL Uncaught Error: Call to undefined method Automattic\Jetpack\Sync\Settings::is_custom_queue_table_enabled() in C:\xampp\htdocs\wordpress\wp-content\plugins\jetpack\jetpack_vendor\automattic\jetpack-sync\src\class-queue.php:64
Stack trace:
#0 C:\xampp\htdocs\wordpress\wp-content\plugins\jetpack\jetpack_vendor\automattic\jetpack-sync\src\class-sender.php(951): Automattic\Jetpack\Sync\Queue->__construct('sync')
#1 C:\xampp\htdocs\wordpress\wp-content\plugins\jetpack\jetpack_vendor\automattic\jetpack-sync\src\class-sender.php(178): Automattic\Jetpack\Sync\Sender->set_defaults()
#2 C:\xampp\htdocs\wordpress\wp-content\plugins\jetpack\jetpack_vendor\automattic\jetpack-sync\src\class-sender.php(164): Automattic\Jetpack\Sync\Sender->__construct()
#3 C:\xampp\htdocs\wordpress\wp-content\plugins\jetpack\uninstall.php(46): Automattic\Jetpack\Sync\Sender::get_instance()
#4 C:\xampp\htdocs\wordpress\wp-content\plugins\jetpack\uninstall.php(52): jetpack_uninstall()
#5 C:\xampp\htdocs\wordpress\wp-admin\includes\plugin.php(1245): include_once('C:\\xampp\\htdocs...')
#6 C:\xampp\htdocs\wordpress\wp-admin\includes\plugin.php(960): uninstall_plugin('jetpack/jetpack...')
#7 C:\xampp\htdocs\wordpress\wp-admin\includes\ajax-actions.php(4732): delete_plugins(Array)
#8 C:\xampp\htdocs\wordpress\wp-includes\class-wp-hook.php(310): wp_ajax_delete_plugin('')
#9 C:\xampp\htdocs\wordpress\wp-includes\class-wp-hook.php(334): WP_Hook->apply_filters('', Array)
#10 C:\xampp\htdocs\wordpress\wp-includes\plugin.php(517): WP_Hook->do_action(Array)
#11 C:\xampp\htdocs\wordpress\wp-admin\admin-ajax.php(188): do_action('wp_ajax_delete-...')
#12 {main}
  thrown in C:\xampp\htdocs\wordpress\wp-content\plugins\jetpack\jetpack_vendor\automattic\jetpack-sync\src\class-queue.php on line 64

