2023-10-10T18:10:39+00:00 ERROR API error: Array
(
    [url] => https://api-m.paypal.com/v2/checkout/orders
    [method] => POST
    [http_status] => 401
    [request] => PaymentPlugins\PayPalSDK\Order Object
(
    [_values:protected] => Array
        (
            [intent] => CAPTURE
            [payer] => PaymentPlugins\PayPalSDK\Payer Object
                (
                    [_values:protected] => Array
                        (
                            [name] => PaymentPlugins\PayPalSDK\Name Object
                                (
                                    [_values:protected] => Array
                                        (
                                            [given_name] => fgb
                                            [surname] => fbfhgf
                                        )

                                    [mappings:protected] => Array
                                        (
                                        )

                                    [index:PaymentPlugins\PayPalSDK\AbstractObject:private] => 
                                    [patchRequest:PaymentPlugins\PayPalSDK\AbstractObject:private] => 
                                )

                            [address] => PaymentPlugins\PayPalSDK\Address Object
                                (
                                    [_values:protected] => Array
                                        (
                                            [address_line_1] => denvägen 1
                                            [address_line_2] => 
                                            [admin_area_1] => 
                                            [admin_area_2] => Stockholm
                                            [postal_code] => 12345
                                            [country_code] => SE
                                        )

                                    [mappings:protected] => Array
                                        (
                                        )

                                    [index:PaymentPlugins\PayPalSDK\AbstractObject:private] => 
                                    [patchRequest:PaymentPlugins\PayPalSDK\AbstractObject:private] => 
                                )

                            [email_address] => zilx.renstrom@gmail.com
                        )

                    [mappings:protected] => Array
                        (
                        )

                    [index:PaymentPlugins\PayPalSDK\AbstractObject:private] => 
                    [patchRequest:PaymentPlugins\PayPalSDK\AbstractObject:private] => 
                )

            [purchase_units] => PaymentPlugins\PayPalSDK\Collection Object
                (
                    [_values:protected] => Array
                        (
                            [0] => PaymentPlugins\PayPalSDK\PurchaseUnit Object
                                (
                                    [_values:protected] => Array
                                        (
                                            [amount] => PaymentPlugins\PayPalSDK\Amount Object
                                                (
                                                    [_values:protected] => Array
                                                        (
                                                            [value] => 199.00
                                                            [currency_code] => SEK
                                                            [breakdown] => PaymentPlugins\PayPalSDK\Breakdown Object
                                                                (
                                                                    [_values:protected] => Array
                                                                        (
                                                                            [item_total] => PaymentPlugins\PayPalSDK\Money Object
                                                                                (
                                                                                    [_values:protected] => Array
                                                                                        (
                                                                                            [currency_code] => SEK
                                                                                            [value] => 199.00
                                                                                        )

                                                                                    [mappings:protected] => Array
                                                                                        (
                                                                                        )

                                                                                    [index:PaymentPlugins\PayPalSDK\AbstractObject:private] => 
                                                                                    [patchRequest:PaymentPlugins\PayPalSDK\AbstractObject:private] => 
                                                                                )

                                                                            [shipping] => PaymentPlugins\PayPalSDK\Money Object
                                                                                (
                                                                                    [_values:protected] => Array
                                                                                        (
                                                                                            [currency_code] => SEK
                                                                                            [value] => 0.00
                                                                                        )

                                                                                    [mappings:protected] => Array
                                                                                        (
                                                                                        )

                                                                                    [index:PaymentPlugins\PayPalSDK\AbstractObject:private] => 
                                                                                    [patchRequest:PaymentPlugins\PayPalSDK\AbstractObject:private] => 
                                                                                )

                                                                            [tax_total] => PaymentPlugins\PayPalSDK\Money Object
                                                                                (
                                                                                    [_values:protected] => Array
                                                                                        (
                                                                                            [currency_code] => SEK
                                                                                            [value] => 0.00
                                                                                        )

                                                                                    [mappings:protected] => Array
                                                                                        (
                                                                                        )

                                                                                    [index:PaymentPlugins\PayPalSDK\AbstractObject:private] => 
                                                                                    [patchRequest:PaymentPlugins\PayPalSDK\AbstractObject:private] => 
                                                                                )

                                                                            [discount] => PaymentPlugins\PayPalSDK\Money Object
                                                                                (
                                                                                    [_values:protected] => Array
                                                                                        (
                                                                                            [currency_code] => SEK
                                                                                            [value] => 0.00
                                                                                        )

                                                                                    [mappings:protected] => Array
                                                                                        (
                                                                                        )

                                                                                    [index:PaymentPlugins\PayPalSDK\AbstractObject:private] => 
                                                                                    [patchRequest:PaymentPlugins\PayPalSDK\AbstractObject:private] => 
                                                                                )

                                                                            [handling] => PaymentPlugins\PayPalSDK\Money Object
                                                                                (
                                                                                    [_values:protected] => Array
                                                                                        (
                                                                                            [currency_code] => SEK
                                                                                            [value] => 0.00
                                                                                        )

                                                                                    [mappings:protected] => Array
                                                                                        (
                                                                                        )

                                                                                    [index:PaymentPlugins\PayPalSDK\AbstractObject:private] => 
                                                                                    [patchRequest:PaymentPlugins\PayPalSDK\AbstractObject:private] => 
                                                                                )

                                                                        )

                                                                    [mappings:protected] => Array
                                                                        (
                                                                        )

                                                                    [index:PaymentPlugins\PayPalSDK\AbstractObject:private] => 
                                                                    [patchRequest:PaymentPlugins\PayPalSDK\AbstractObject:private] => 
                                                                )

                                                        )

                                                    [mappings:protected] => Array
                                                        (
                                                        )

                                                    [index:PaymentPlugins\PayPalSDK\AbstractObject:private] => 
                                                    [patchRequest:PaymentPlugins\PayPalSDK\AbstractObject:private] => 
                                                )

                                            [invoice_id] => 5225
                                            [custom_id] => 5225
                                            [items] => PaymentPlugins\PayPalSDK\Collection Object
                                                (
                                                    [_values:protected] => Array
                                                        (
                                                            [0] => PaymentPlugins\PayPalSDK\Item Object
                                                                (
                                                                    [_values:protected] => Array
                                                                        (
                                                                            [name] => Blouse Freja - Pink, S
                                                                            [quantity] => 1
                                                                            [sku] => 5183
                                                                            [description] => Product ID: 5176. Variation ID: 5183
                                                                            [unit_amount] => PaymentPlugins\PayPalSDK\Money Object
                                                                                (
                                                                                    [_values:protected] => Array
                                                                                        (
                                                                                            [currency_code] => SEK
                                                                                            [value] => 199.00
                                                                                        )

                                                                                    [mappings:protected] => Array
                                                                                        (
                                                                                        )

                                                                                    [index:PaymentPlugins\PayPalSDK\AbstractObject:private] => 
                                                                                    [patchRequest:PaymentPlugins\PayPalSDK\AbstractObject:private] => 
                                                                                )

                                                                        )

                                                                    [mappings:protected] => Array
                                                                        (
                                                                        )

                                                                    [index:PaymentPlugins\PayPalSDK\AbstractObject:private] => 
                                                                    [patchRequest:PaymentPlugins\PayPalSDK\AbstractObject:private] => 
                                                                )

                                                        )

                                                    [mappings:protected] => Array
                                                        (
                                                        )

                                                    [index:PaymentPlugins\PayPalSDK\AbstractObject:private] => 
                                                    [patchRequest:PaymentPlugins\PayPalSDK\AbstractObject:private] => 
                                                )

                                            [description] => Order 5225 from woocombuy
                                            [shipping] => PaymentPlugins\PayPalSDK\Shipping Object
                                                (
                                                    [_values:protected] => Array
                                                        (
                                                            [name] => PaymentPlugins\PayPalSDK\Name Object
                                                                (
                                                                    [_values:protected] => Array
                                                                        (
                                                                            [full_name] => fgb fbfhgf
                                                                        )

                                                                    [mappings:protected] => Array
                                                                        (
                                                                        )

                                                                    [index:PaymentPlugins\PayPalSDK\AbstractObject:private] => 
                                                                    [patchRequest:PaymentPlugins\PayPalSDK\AbstractObject:private] => 
                                                                )

                                                            [address] => PaymentPlugins\PayPalSDK\Address Object
                                                                (
                                                                    [_values:protected] => Array
                                                                        (
                                                                            [address_line_1] => denvägen 1
                                                                            [address_line_2] => 
                                                                            [admin_area_1] => 
                                                                            [admin_area_2] => Stockholm
                                                                            [postal_code] => 12345
                                                                            [country_code] => SE
                                                                        )

                                                                    [mappings:protected] => Array
                                                                        (
                                                                        )

                                                                    [index:PaymentPlugins\PayPalSDK\AbstractObject:private] => 
                                                                    [patchRequest:PaymentPlugins\PayPalSDK\AbstractObject:private] => 
                                                                )

                                                        )

                                                    [mappings:protected] => Array
                                                        (
                                                        )

                                                    [index:PaymentPlugins\PayPalSDK\AbstractObject:private] => 
                                                    [patchRequest:PaymentPlugins\PayPalSDK\AbstractObject:private] => 
                                                )

                                        )

                                    [mappings:protected] => Array
                                        (
                                        )

                                    [index:PaymentPlugins\PayPalSDK\AbstractObject:private] => 
                                    [patchRequest:PaymentPlugins\PayPalSDK\AbstractObject:private] => 
                                )

                        )

                    [mappings:protected] => Array
                        (
                        )

                    [index:PaymentPlugins\PayPalSDK\AbstractObject:private] => 
                    [patchRequest:PaymentPlugins\PayPalSDK\AbstractObject:private] => 
                )

            [application_context] => PaymentPlugins\PayPalSDK\OrderApplicationContext Object
                (
                    [_values:protected] => Array
                        (
                            [shipping_preference] => SET_PROVIDED_ADDRESS
                            [return_url] => http://localhost/wordpress/wc-api/ppcp_order_return/?order_id=5225&order_key=wc_order_mS3fUCTYArmh0&payment_method=ppcp
                            [cancel_url] => http://localhost/wordpress/checkout/
                            [brand_name] => woocombuy
                            [user_action] => PAY_NOW
                        )

                    [mappings:protected] => Array
                        (
                        )

                    [index:PaymentPlugins\PayPalSDK\AbstractObject:private] => 
                    [patchRequest:PaymentPlugins\PayPalSDK\AbstractObject:private] => 
                )

        )

    [mappings:protected] => Array
        (
        )

    [index:PaymentPlugins\PayPalSDK\AbstractObject:private] => 
    [patchRequest:PaymentPlugins\PayPalSDK\AbstractObject:private] => 
)

    [error] => Array
        (
            [error] => invalid_client
            [error_description] => Client Authentication failed
        )

)

2023-10-10T18:11:06+00:00 ERROR API error: Array
(
    [url] => https://api-m.paypal.com/v2/checkout/orders
    [method] => POST
    [http_status] => 401
    [request] => PaymentPlugins\PayPalSDK\Order Object
(
    [_values:protected] => Array
        (
            [intent] => CAPTURE
            [payer] => PaymentPlugins\PayPalSDK\Payer Object
                (
                    [_values:protected] => Array
                        (
                            [name] => PaymentPlugins\PayPalSDK\Name Object
                                (
                                    [_values:protected] => Array
                                        (
                                            [given_name] => fgb
                                            [surname] => fbfhgf
                                        )

                                    [mappings:protected] => Array
                                        (
                                        )

                                    [index:PaymentPlugins\PayPalSDK\AbstractObject:private] => 
                                    [patchRequest:PaymentPlugins\PayPalSDK\AbstractObject:private] => 
                                )

                            [address] => PaymentPlugins\PayPalSDK\Address Object
                                (
                                    [_values:protected] => Array
                                        (
                                            [address_line_1] => denvägen 1
                                            [address_line_2] => 
                                            [admin_area_1] => 
                                            [admin_area_2] => Stockholm
                                            [postal_code] => 12345
                                            [country_code] => SE
                                        )

                                    [mappings:protected] => Array
                                        (
                                        )

                                    [index:PaymentPlugins\PayPalSDK\AbstractObject:private] => 
                                    [patchRequest:PaymentPlugins\PayPalSDK\AbstractObject:private] => 
                                )

                            [email_address] => zilx.renstrom@gmail.com
                        )

                    [mappings:protected] => Array
                        (
                        )

                    [index:PaymentPlugins\PayPalSDK\AbstractObject:private] => 
                    [patchRequest:PaymentPlugins\PayPalSDK\AbstractObject:private] => 
                )

            [purchase_units] => PaymentPlugins\PayPalSDK\Collection Object
                (
                    [_values:protected] => Array
                        (
                            [0] => PaymentPlugins\PayPalSDK\PurchaseUnit Object
                                (
                                    [_values:protected] => Array
                                        (
                                            [amount] => PaymentPlugins\PayPalSDK\Amount Object
                                                (
                                                    [_values:protected] => Array
                                                        (
                                                            [value] => 179.10
                                                            [currency_code] => SEK
                                                            [breakdown] => PaymentPlugins\PayPalSDK\Breakdown Object
                                                                (
                                                                    [_values:protected] => Array
                                                                        (
                                                                            [item_total] => PaymentPlugins\PayPalSDK\Money Object
                                                                                (
                                                                                    [_values:protected] => Array
                                                                                        (
                                                                                            [currency_code] => SEK
                                                                                            [value] => 199.00
                                                                                        )

                                                                                    [mappings:protected] => Array
                                                                                        (
                                                                                        )

                                                                                    [index:PaymentPlugins\PayPalSDK\AbstractObject:private] => 
                                                                                    [patchRequest:PaymentPlugins\PayPalSDK\AbstractObject:private] => 
                                                                                )

                                                                            [shipping] => PaymentPlugins\PayPalSDK\Money Object
                                                                                (
                                                                                    [_values:protected] => Array
                                                                                        (
                                                                                            [currency_code] => SEK
                                                                                            [value] => 0.00
                                                                                        )

                                                                                    [mappings:protected] => Array
                                                                                        (
                                                                                        )

                                                                                    [index:PaymentPlugins\PayPalSDK\AbstractObject:private] => 
                                                                                    [patchRequest:PaymentPlugins\PayPalSDK\AbstractObject:private] => 
                                                                                )

                                                                            [tax_total] => PaymentPlugins\PayPalSDK\Money Object
                                                                                (
                                                                                    [_values:protected] => Array
                                                                                        (
                                                                                            [currency_code] => SEK
                                                                                            [value] => 0.00
                                                                                        )

                                                                                    [mappings:protected] => Array
                                                                                        (
                                                                                        )

                                                                                    [index:PaymentPlugins\PayPalSDK\AbstractObject:private] => 
                                                                                    [patchRequest:PaymentPlugins\PayPalSDK\AbstractObject:private] => 
                                                                                )

                                                                            [discount] => PaymentPlugins\PayPalSDK\Money Object
                                                                                (
                                                                                    [_values:protected] => Array
                                                                                        (
                                                                                            [currency_code] => SEK
                                                                                            [value] => 19.90
                                                                                        )

                                                                                    [mappings:protected] => Array
                                                                                        (
                                                                                        )

                                                                                    [index:PaymentPlugins\PayPalSDK\AbstractObject:private] => 
                                                                                    [patchRequest:PaymentPlugins\PayPalSDK\AbstractObject:private] => 
                                                                                )

                                                                            [handling] => PaymentPlugins\PayPalSDK\Money Object
                                                                                (
                                                                                    [_values:protected] => Array
                                                                                        (
                                                                                            [currency_code] => SEK
                                                                                            [value] => 0.00
                                                                                        )

                                                                                    [mappings:protected] => Array
                                                                                        (
                                                                                        )

                                                                                    [index:PaymentPlugins\PayPalSDK\AbstractObject:private] => 
                                                                                    [patchRequest:PaymentPlugins\PayPalSDK\AbstractObject:private] => 
                                                                                )

                                                                        )

                                                                    [mappings:protected] => Array
                                                                        (
                                                                        )

                                                                    [index:PaymentPlugins\PayPalSDK\AbstractObject:private] => 
                                                                    [patchRequest:PaymentPlugins\PayPalSDK\AbstractObject:private] => 
                                                                )

                                                        )

                                                    [mappings:protected] => Array
                                                        (
                                                        )

                                                    [index:PaymentPlugins\PayPalSDK\AbstractObject:private] => 
                                                    [patchRequest:PaymentPlugins\PayPalSDK\AbstractObject:private] => 
                                                )

                                            [invoice_id] => 5226
                                            [custom_id] => 5226
                                            [items] => PaymentPlugins\PayPalSDK\Collection Object
                                                (
                                                    [_values:protected] => Array
                                                        (
                                                            [0] => PaymentPlugins\PayPalSDK\Item Object
                                                                (
                                                                    [_values:protected] => Array
                                                                        (
                                                                            [name] => Blouse Freja - Pink, S
                                                                            [quantity] => 1
                                                                            [sku] => 5183
                                                                            [description] => Product ID: 5176. Variation ID: 5183
                                                                            [unit_amount] => PaymentPlugins\PayPalSDK\Money Object
                                                                                (
                                                                                    [_values:protected] => Array
                                                                                        (
                                                                                            [currency_code] => SEK
                                                                                            [value] => 199.00
                                                                                        )

                                                                                    [mappings:protected] => Array
                                                                                        (
                                                                                        )

                                                                                    [index:PaymentPlugins\PayPalSDK\AbstractObject:private] => 
                                                                                    [patchRequest:PaymentPlugins\PayPalSDK\AbstractObject:private] => 
                                                                                )

                                                                        )

                                                                    [mappings:protected] => Array
                                                                        (
                                                                        )

                                                                    [index:PaymentPlugins\PayPalSDK\AbstractObject:private] => 
                                                                    [patchRequest:PaymentPlugins\PayPalSDK\AbstractObject:private] => 
                                                                )

                                                        )

                                                    [mappings:protected] => Array
                                                        (
                                                        )

                                                    [index:PaymentPlugins\PayPalSDK\AbstractObject:private] => 
                                                    [patchRequest:PaymentPlugins\PayPalSDK\AbstractObject:private] => 
                                                )

                                            [description] => Order 5226 from woocombuy
                                            [shipping] => PaymentPlugins\PayPalSDK\Shipping Object
                                                (
                                                    [_values:protected] => Array
                                                        (
                                                            [name] => PaymentPlugins\PayPalSDK\Name Object
                                                                (
                                                                    [_values:protected] => Array
                                                                        (
                                                                            [full_name] => fgb fbfhgf
                                                                        )

                                                                    [mappings:protected] => Array
                                                                        (
                                                                        )

                                                                    [index:PaymentPlugins\PayPalSDK\AbstractObject:private] => 
                                                                    [patchRequest:PaymentPlugins\PayPalSDK\AbstractObject:private] => 
                                                                )

                                                            [address] => PaymentPlugins\PayPalSDK\Address Object
                                                                (
                                                                    [_values:protected] => Array
                                                                        (
                                                                            [address_line_1] => denvägen 1
                                                                            [address_line_2] => 
                                                                            [admin_area_1] => 
                                                                            [admin_area_2] => Stockholm
                                                                            [postal_code] => 12345
                                                                            [country_code] => SE
                                                                        )

                                                                    [mappings:protected] => Array
                                                                        (
                                                                        )

                                                                    [index:PaymentPlugins\PayPalSDK\AbstractObject:private] => 
                                                                    [patchRequest:PaymentPlugins\PayPalSDK\AbstractObject:private] => 
                                                                )

                                                        )

                                                    [mappings:protected] => Array
                                                        (
                                                        )

                                                    [index:PaymentPlugins\PayPalSDK\AbstractObject:private] => 
                                                    [patchRequest:PaymentPlugins\PayPalSDK\AbstractObject:private] => 
                                                )

                                        )

                                    [mappings:protected] => Array
                                        (
                                        )

                                    [index:PaymentPlugins\PayPalSDK\AbstractObject:private] => 
                                    [patchRequest:PaymentPlugins\PayPalSDK\AbstractObject:private] => 
                                )

                        )

                    [mappings:protected] => Array
                        (
                        )

                    [index:PaymentPlugins\PayPalSDK\AbstractObject:private] => 
                    [patchRequest:PaymentPlugins\PayPalSDK\AbstractObject:private] => 
                )

            [application_context] => PaymentPlugins\PayPalSDK\OrderApplicationContext Object
                (
                    [_values:protected] => Array
                        (
                            [shipping_preference] => SET_PROVIDED_ADDRESS
                            [return_url] => http://localhost/wordpress/wc-api/ppcp_order_return/?order_id=5226&order_key=wc_order_P3wSUx4UQ1jQI&payment_method=ppcp
                            [cancel_url] => http://localhost/wordpress/checkout/
                            [brand_name] => woocombuy
                            [user_action] => PAY_NOW
                        )

                    [mappings:protected] => Array
                        (
                        )

                    [index:PaymentPlugins\PayPalSDK\AbstractObject:private] => 
                    [patchRequest:PaymentPlugins\PayPalSDK\AbstractObject:private] => 
                )

        )

    [mappings:protected] => Array
        (
        )

    [index:PaymentPlugins\PayPalSDK\AbstractObject:private] => 
    [patchRequest:PaymentPlugins\PayPalSDK\AbstractObject:private] => 
)

    [error] => Array
        (
            [error] => invalid_client
            [error_description] => Client Authentication failed
        )

)

2023-10-10T19:23:47+00:00 ERROR API error: Array
(
    [url] => https://api-m.paypal.com/v2/checkout/orders
    [method] => POST
    [http_status] => 401
    [request] => PaymentPlugins\PayPalSDK\Order Object
(
    [_values:protected] => Array
        (
            [intent] => CAPTURE
            [payer] => PaymentPlugins\PayPalSDK\Payer Object
                (
                    [_values:protected] => Array
                        (
                            [name] => PaymentPlugins\PayPalSDK\Name Object
                                (
                                    [_values:protected] => Array
                                        (
                                            [given_name] => fgb
                                            [surname] => fbfhgf
                                        )

                                    [mappings:protected] => Array
                                        (
                                        )

                                    [index:PaymentPlugins\PayPalSDK\AbstractObject:private] => 
                                    [patchRequest:PaymentPlugins\PayPalSDK\AbstractObject:private] => 
                                )

                            [address] => PaymentPlugins\PayPalSDK\Address Object
                                (
                                    [_values:protected] => Array
                                        (
                                            [address_line_1] => denvägen 1
                                            [address_line_2] => 
                                            [admin_area_1] => 
                                            [admin_area_2] => Stockholm
                                            [postal_code] => 12345
                                            [country_code] => SE
                                        )

                                    [mappings:protected] => Array
                                        (
                                        )

                                    [index:PaymentPlugins\PayPalSDK\AbstractObject:private] => 
                                    [patchRequest:PaymentPlugins\PayPalSDK\AbstractObject:private] => 
                                )

                            [email_address] => zilx.renstrom@gmail.com
                        )

                    [mappings:protected] => Array
                        (
                        )

                    [index:PaymentPlugins\PayPalSDK\AbstractObject:private] => 
                    [patchRequest:PaymentPlugins\PayPalSDK\AbstractObject:private] => 
                )

            [purchase_units] => PaymentPlugins\PayPalSDK\Collection Object
                (
                    [_values:protected] => Array
                        (
                            [0] => PaymentPlugins\PayPalSDK\PurchaseUnit Object
                                (
                                    [_values:protected] => Array
                                        (
                                            [amount] => PaymentPlugins\PayPalSDK\Amount Object
                                                (
                                                    [_values:protected] => Array
                                                        (
                                                            [value] => 955.50
                                                            [currency_code] => SEK
                                                            [breakdown] => PaymentPlugins\PayPalSDK\Breakdown Object
                                                                (
                                                                    [_values:protected] => Array
                                                                        (
                                                                            [item_total] => PaymentPlugins\PayPalSDK\Money Object
                                                                                (
                                                                                    [_values:protected] => Array
                                                                                        (
                                                                                            [currency_code] => SEK
                                                                                            [value] => 796.00
                                                                                        )

                                                                                    [mappings:protected] => Array
                                                                                        (
                                                                                        )

                                                                                    [index:PaymentPlugins\PayPalSDK\AbstractObject:private] => 
                                                                                    [patchRequest:PaymentPlugins\PayPalSDK\AbstractObject:private] => 
                                                                                )

                                                                            [shipping] => PaymentPlugins\PayPalSDK\Money Object
                                                                                (
                                                                                    [_values:protected] => Array
                                                                                        (
                                                                                            [currency_code] => SEK
                                                                                            [value] => 60.00
                                                                                        )

                                                                                    [mappings:protected] => Array
                                                                                        (
                                                                                        )

                                                                                    [index:PaymentPlugins\PayPalSDK\AbstractObject:private] => 
                                                                                    [patchRequest:PaymentPlugins\PayPalSDK\AbstractObject:private] => 
                                                                                )

                                                                            [tax_total] => PaymentPlugins\PayPalSDK\Money Object
                                                                                (
                                                                                    [_values:protected] => Array
                                                                                        (
                                                                                            [currency_code] => SEK
                                                                                            [value] => 179.10
                                                                                        )

                                                                                    [mappings:protected] => Array
                                                                                        (
                                                                                        )

                                                                                    [index:PaymentPlugins\PayPalSDK\AbstractObject:private] => 
                                                                                    [patchRequest:PaymentPlugins\PayPalSDK\AbstractObject:private] => 
                                                                                )

                                                                            [discount] => PaymentPlugins\PayPalSDK\Money Object
                                                                                (
                                                                                    [_values:protected] => Array
                                                                                        (
                                                                                            [currency_code] => SEK
                                                                                            [value] => 79.60
                                                                                        )

                                                                                    [mappings:protected] => Array
                                                                                        (
                                                                                        )

                                                                                    [index:PaymentPlugins\PayPalSDK\AbstractObject:private] => 
                                                                                    [patchRequest:PaymentPlugins\PayPalSDK\AbstractObject:private] => 
                                                                                )

                                                                            [handling] => PaymentPlugins\PayPalSDK\Money Object
                                                                                (
                                                                                    [_values:protected] => Array
                                                                                        (
                                                                                            [currency_code] => SEK
                                                                                            [value] => 0.00
                                                                                        )

                                                                                    [mappings:protected] => Array
                                                                                        (
                                                                                        )

                                                                                    [index:PaymentPlugins\PayPalSDK\AbstractObject:private] => 
                                                                                    [patchRequest:PaymentPlugins\PayPalSDK\AbstractObject:private] => 
                                                                                )

                                                                        )

                                                                    [mappings:protected] => Array
                                                                        (
                                                                        )

                                                                    [index:PaymentPlugins\PayPalSDK\AbstractObject:private] => 
                                                                    [patchRequest:PaymentPlugins\PayPalSDK\AbstractObject:private] => 
                                                                )

                                                        )

                                                    [mappings:protected] => Array
                                                        (
                                                        )

                                                    [index:PaymentPlugins\PayPalSDK\AbstractObject:private] => 
                                                    [patchRequest:PaymentPlugins\PayPalSDK\AbstractObject:private] => 
                                                )

                                            [invoice_id] => 5236
                                            [custom_id] => 5236
                                            [items] => PaymentPlugins\PayPalSDK\Collection Object
                                                (
                                                    [_values:protected] => Array
                                                        (
                                                            [0] => PaymentPlugins\PayPalSDK\Item Object
                                                                (
                                                                    [_values:protected] => Array
                                                                        (
                                                                            [name] => Blouse Freja - Pink, S
                                                                            [quantity] => 1
                                                                            [sku] => 5183
                                                                            [description] => Product ID: 5176. Variation ID: 5183
                                                                            [unit_amount] => PaymentPlugins\PayPalSDK\Money Object
                                                                                (
                                                                                    [_values:protected] => Array
                                                                                        (
                                                                                            [currency_code] => SEK
                                                                                            [value] => 159.20
                                                                                        )

                                                                                    [mappings:protected] => Array
                                                                                        (
                                                                                        )

                                                                                    [index:PaymentPlugins\PayPalSDK\AbstractObject:private] => 
                                                                                    [patchRequest:PaymentPlugins\PayPalSDK\AbstractObject:private] => 
                                                                                )

                                                                        )

                                                                    [mappings:protected] => Array
                                                                        (
                                                                        )

                                                                    [index:PaymentPlugins\PayPalSDK\AbstractObject:private] => 
                                                                    [patchRequest:PaymentPlugins\PayPalSDK\AbstractObject:private] => 
                                                                )

                                                            [1] => PaymentPlugins\PayPalSDK\Item Object
                                                                (
                                                                    [_values:protected] => Array
                                                                        (
                                                                            [name] => Skynet Cap
                                                                            [quantity] => 4
                                                                            [sku] => 5212
                                                                            [description] => Product ID: 5212
                                                                            [unit_amount] => PaymentPlugins\PayPalSDK\Money Object
                                                                                (
                                                                                    [_values:protected] => Array
                                                                                        (
                                                                                            [currency_code] => SEK
                                                                                            [value] => 159.20
                                                                                        )

                                                                                    [mappings:protected] => Array
                                                                                        (
                                                                                        )

                                                                                    [index:PaymentPlugins\PayPalSDK\AbstractObject:private] => 
                                                                                    [patchRequest:PaymentPlugins\PayPalSDK\AbstractObject:private] => 
                                                                                )

                                                                        )

                                                                    [mappings:protected] => Array
                                                                        (
                                                                        )

                                                                    [index:PaymentPlugins\PayPalSDK\AbstractObject:private] => 
                                                                    [patchRequest:PaymentPlugins\PayPalSDK\AbstractObject:private] => 
                                                                )

                                                        )

                                                    [mappings:protected] => Array
                                                        (
                                                        )

                                                    [index:PaymentPlugins\PayPalSDK\AbstractObject:private] => 
                                                    [patchRequest:PaymentPlugins\PayPalSDK\AbstractObject:private] => 
                                                )

                                            [description] => Order 5236 from woocombuy
                                            [shipping] => PaymentPlugins\PayPalSDK\Shipping Object
                                                (
                                                    [_values:protected] => Array
                                                        (
                                                            [name] => PaymentPlugins\PayPalSDK\Name Object
                                                                (
                                                                    [_values:protected] => Array
                                                                        (
                                                                            [full_name] => fgb fbfhgf
                                                                        )

                                                                    [mappings:protected] => Array
                                                                        (
                                                                        )

                                                                    [index:PaymentPlugins\PayPalSDK\AbstractObject:private] => 
                                                                    [patchRequest:PaymentPlugins\PayPalSDK\AbstractObject:private] => 
                                                                )

                                                            [address] => PaymentPlugins\PayPalSDK\Address Object
                                                                (
                                                                    [_values:protected] => Array
                                                                        (
                                                                            [address_line_1] => denvägen 1
                                                                            [address_line_2] => 
                                                                            [admin_area_1] => 
                                                                            [admin_area_2] => Stockholm
                                                                            [postal_code] => 12345
                                                                            [country_code] => SE
                                                                        )

                                                                    [mappings:protected] => Array
                                                                        (
                                                                        )

                                                                    [index:PaymentPlugins\PayPalSDK\AbstractObject:private] => 
                                                                    [patchRequest:PaymentPlugins\PayPalSDK\AbstractObject:private] => 
                                                                )

                                                        )

                                                    [mappings:protected] => Array
                                                        (
                                                        )

                                                    [index:PaymentPlugins\PayPalSDK\AbstractObject:private] => 
                                                    [patchRequest:PaymentPlugins\PayPalSDK\AbstractObject:private] => 
                                                )

                                        )

                                    [mappings:protected] => Array
                                        (
                                        )

                                    [index:PaymentPlugins\PayPalSDK\AbstractObject:private] => 
                                    [patchRequest:PaymentPlugins\PayPalSDK\AbstractObject:private] => 
                                )

                        )

                    [mappings:protected] => Array
                        (
                        )

                    [index:PaymentPlugins\PayPalSDK\AbstractObject:private] => 
                    [patchRequest:PaymentPlugins\PayPalSDK\AbstractObject:private] => 
                )

            [application_context] => PaymentPlugins\PayPalSDK\OrderApplicationContext Object
                (
                    [_values:protected] => Array
                        (
                            [shipping_preference] => SET_PROVIDED_ADDRESS
                            [return_url] => http://localhost/wordpress/wc-api/ppcp_order_return/?order_id=5236&order_key=wc_order_lZ4jsAjet8r9z&payment_method=ppcp
                            [cancel_url] => http://localhost/wordpress/checkout/
                            [brand_name] => woocombuy
                            [user_action] => PAY_NOW
                        )

                    [mappings:protected] => Array
                        (
                        )

                    [index:PaymentPlugins\PayPalSDK\AbstractObject:private] => 
                    [patchRequest:PaymentPlugins\PayPalSDK\AbstractObject:private] => 
                )

        )

    [mappings:protected] => Array
        (
        )

    [index:PaymentPlugins\PayPalSDK\AbstractObject:private] => 
    [patchRequest:PaymentPlugins\PayPalSDK\AbstractObject:private] => 
)

    [error] => Array
        (
            [error] => invalid_client
            [error_description] => Client Authentication failed
        )

)

